[debug] ----------------------------------------------------------------------
[debug] Command:      /usr/local/bin/node /usr/local/bin/firebase serve
[debug] CLI Version:  3.6.0
[debug] Platform:     darwin
[debug] Node Version: v6.9.2
[debug] Time:         Mon Apr 10 2017 16:48:41 GMT+0200 (CEST)
[debug] ----------------------------------------------------------------------
[debug] 
[debug] > command requires scopes: ["email","openid","https://www.googleapis.com/auth/cloudplatformprojects.readonly","https://www.googleapis.com/auth/firebase","https://www.googleapis.com/auth/cloud-platform"]
[debug] >>> HTTP REQUEST GET https://admin.firebase.com/v1/projects/website-kapsul-9a992  
 Mon Apr 10 2017 16:48:41 GMT+0200 (CEST)
[debug] <<< HTTP RESPONSE 200
[debug] >>> HTTP REQUEST GET https://admin.firebase.com/v1/database/website-kapsul-9a992/tokens  
 Mon Apr 10 2017 16:48:42 GMT+0200 (CEST)
[debug] <<< HTTP RESPONSE 200
[info] Starting Firebase development server...
[info] 
[info] Project Directory: /Users/valentin/Documents/kapsul-site
[debug] >>> HTTP REQUEST GET https://cloudresourcemanager.googleapis.com/v1/projects/website-kapsul-9a992  
 Mon Apr 10 2017 16:48:43 GMT+0200 (CEST)
[debug] <<< HTTP RESPONSE 200
[debug] >>> HTTP REQUEST GET https://mobilesdk-pa.googleapis.com/v1/projects/14616293680/clients/_:getWebAppConfig  
 Mon Apr 10 2017 16:48:43 GMT+0200 (CEST)
[debug] <<< HTTP RESPONSE 200
[info] Public Directory: public
[info] 
[info] Server listening at: http://localhost:5000
[debug] ----------------------------------------------------------------------
[debug] Command:      /usr/local/bin/node /usr/local/bin/firebase serve
[debug] CLI Version:  3.6.0
[debug] Platform:     darwin
[debug] Node Version: v6.9.2
[debug] Time:         Mon Apr 10 2017 20:12:06 GMT+0200 (CEST)
[debug] ----------------------------------------------------------------------
[debug] 
[debug] > command requires scopes: ["email","openid","https://www.googleapis.com/auth/cloudplatformprojects.readonly","https://www.googleapis.com/auth/firebase","https://www.googleapis.com/auth/cloud-platform"]
[debug] > refreshing access token with scopes: ["email","https://www.googleapis.com/auth/cloud-platform","https://www.googleapis.com/auth/cloudplatformprojects.readonly","https://www.googleapis.com/auth/firebase","openid"]
[debug] >>> HTTP REQUEST POST https://www.googleapis.com/oauth2/v3/token { refresh_token: '1/2G3RM6FN8mUJF5WxoBgIjWxUaDhOgd5NRnXQyE0ny5w',
  client_id: '563584335869-fgrhgmd47bqnekij5i8b5pr03ho849e6.apps.googleusercontent.com',
  client_secret: 'j9iVZfS8kkCEFUPaAeJV0sAi',
  grant_type: 'refresh_token',
  scope: 'email https://www.googleapis.com/auth/cloud-platform https://www.googleapis.com/auth/cloudplatformprojects.readonly https://www.googleapis.com/auth/firebase openid' } 
 Mon Apr 10 2017 20:12:06 GMT+0200 (CEST)
[debug] <<< HTTP RESPONSE 200
[debug] >>> HTTP REQUEST GET https://admin.firebase.com/v1/projects/website-kapsul-9a992  
 Mon Apr 10 2017 20:12:06 GMT+0200 (CEST)
[debug] <<< HTTP RESPONSE 200
[debug] >>> HTTP REQUEST GET https://admin.firebase.com/v1/database/website-kapsul-9a992/tokens  
 Mon Apr 10 2017 20:12:07 GMT+0200 (CEST)
[debug] <<< HTTP RESPONSE 200
[info] Starting Firebase development server...
[info] 
[info] Project Directory: /Users/valentin/Documents/kapsul-site
[debug] >>> HTTP REQUEST GET https://cloudresourcemanager.googleapis.com/v1/projects/website-kapsul-9a992  
 Mon Apr 10 2017 20:12:08 GMT+0200 (CEST)
[debug] <<< HTTP RESPONSE 200
[debug] >>> HTTP REQUEST GET https://mobilesdk-pa.googleapis.com/v1/projects/14616293680/clients/_:getWebAppConfig  
 Mon Apr 10 2017 20:12:09 GMT+0200 (CEST)
[debug] <<< HTTP RESPONSE 200
[info] Public Directory: public
[info] 
[info] Server listening at: http://localhost:5000
